2024-11-05 20:56:45,441 - INFO - autoreload
2024-11-05 20:59:55,959 - INFO - autoreload
2024-11-05 21:07:07,428 - INFO - autoreload
2024-11-05 21:07:16,591 - INFO - basehttp
2024-11-05 21:07:16,625 - WARNING - log
2024-11-05 21:07:16,626 - WARNING - log
2024-11-05 21:07:16,626 - WARNING - basehttp
2024-11-05 21:07:16,626 - WARNING - basehttp
2024-11-05 21:07:16,905 - WARNING - log
2024-11-05 21:07:16,906 - WARNING - basehttp
2024-11-05 21:07:57,108 - INFO - basehttp
2024-11-05 21:07:57,147 - INFO - basehttp
2024-11-05 21:07:57,288 - WARNING - log
2024-11-05 21:07:57,289 - WARNING - basehttp
2024-11-05 21:07:58,623 - INFO - basehttp
2024-11-05 21:07:58,657 - WARNING - log
2024-11-05 21:07:58,657 - WARNING - basehttp
2024-11-05 21:08:04,302 - INFO - basehttp
2024-11-05 21:08:04,324 - WARNING - log
2024-11-05 21:08:04,325 - WARNING - basehttp
2024-11-05 21:08:11,827 - INFO - basehttp
2024-11-05 21:08:11,858 - WARNING - log
2024-11-05 21:08:11,858 - WARNING - basehttp
2024-11-05 21:08:19,267 - INFO - basehttp
2024-11-05 21:08:19,294 - WARNING - log
2024-11-05 21:08:19,294 - WARNING - basehttp
2024-11-05 21:08:29,529 - INFO - basehttp
2024-11-05 21:08:29,563 - WARNING - log
2024-11-05 21:08:29,564 - WARNING - basehttp
2024-11-05 21:08:30,755 - INFO - basehttp
2024-11-05 21:08:30,772 - INFO - basehttp
2024-11-05 21:08:30,880 - WARNING - log
2024-11-05 21:08:30,880 - WARNING - basehttp
2024-11-05 21:08:31,486 - INFO - basehttp
2024-11-05 21:08:31,518 - WARNING - log
2024-11-05 21:08:31,518 - WARNING - basehttp
2024-11-05 21:08:32,678 - INFO - basehttp
2024-11-05 21:08:32,685 - INFO - basehttp
2024-11-05 21:08:32,720 - WARNING - log
2024-11-05 21:08:32,720 - WARNING - basehttp
2024-11-05 21:08:34,110 - INFO - basehttp
2024-11-05 21:08:34,211 - WARNING - log
2024-11-05 21:08:34,212 - WARNING - basehttp
2024-11-05 21:20:11,677 - INFO - autoreload
2024-11-05 21:20:17,969 - INFO - basehttp
2024-11-05 21:20:18,011 - WARNING - log
2024-11-05 21:20:18,011 - WARNING - basehttp
2024-11-05 21:20:19,496 - INFO - basehttp
2024-11-05 21:20:19,529 - INFO - basehttp
2024-11-05 21:20:19,614 - WARNING - log
2024-11-05 21:20:19,614 - WARNING - basehttp
2024-11-05 21:20:23,108 - INFO - basehttp
2024-11-05 21:20:23,141 - WARNING - log
2024-11-05 21:20:23,142 - WARNING - basehttp
2024-11-05 21:20:24,248 - INFO - basehttp
2024-11-05 21:20:24,282 - WARNING - log
2024-11-05 21:20:24,283 - WARNING - basehttp
2024-11-05 21:23:53,227    |    INFO    |    autoreload
2024-11-05 21:23:55,457    |    INFO    |    basehttp
2024-11-05 21:23:55,503    |    INFO    |    basehttp
2024-11-05 21:23:55,625    |    WARNING    |    log
2024-11-05 21:23:55,626    |    WARNING    |    basehttp
2024-11-05 21:23:58,079    |    INFO    |    basehttp
2024-11-05 21:23:58,119    |    WARNING    |    log
2024-11-05 21:23:58,120    |    WARNING    |    basehttp
2024-11-05 21:24:00,928    |    INFO    |    basehttp
2024-11-05 21:24:00,961    |    WARNING    |    log
2024-11-05 21:24:00,961    |    WARNING    |    basehttp
2024-11-05 21:26:38,871    |    INFO    |    autoreload
2024-11-05 21:26:44,384    |    INFO    |    basehttp
2024-11-05 21:26:44,430    |    INFO    |    basehttp
2024-11-05 21:26:45,554    |    INFO    |    basehttp
2024-11-05 21:26:46,994    |    INFO    |    basehttp
2024-11-05 21:27:06,733    |    INFO    |    autoreload
2024-11-05 21:27:09,196    |    INFO    |    basehttp
2024-11-05 21:27:09,217    |    INFO    |    basehttp
2024-11-05 21:27:10,378    |    INFO    |    basehttp
2024-11-05 21:27:11,434    |    INFO    |    basehttp
2024-11-05 21:46:41,877    |    INFO    |    autoreload
